<?xml version="1.0" encoding="UTF-8"?>
<!-- Generated by org.testng.reporters.JUnitReportReporter -->
<testsuite skipped="0" hostname="DESKTOP-R6HTLRL" name="testngPractice.Practice1" tests="1" failures="0" timestamp="2023-02-27T16:29:14 IST" time="6.324" errors="0">
  <testcase name="Tc_001" time="6.324" classname="testngPractice.Practice1"/>
  <system-out>
user clicked on task bar  </system-out>
</testsuite> <!-- testngPractice.Practice1 -->
